167
2 28 2
3 35 4 9
4 93 30 37 39
2 97 42
3 190 43 49
4 196 51 53 57
2 197 58
3 252 62 63
4 286 67 68 74
2 333 75
3 369 77 82
4 420 83 84 85
2 423 87
3 441 88 94
4 12 476 96 98
2 33 489
3 47 469 102
4 165 483 103 110
2 300 480
3 326 491 118
4 482 471 122 125
2 1 488
3 14 479 466
4 21 456 416 126
2 256 496
3 279 485 470
4 299 487 440 127
2 306 478
3 315 493 370
4 322 481 428 130
2 330 477
3 421 457 418
4 454 389 383 131
2 7 464
3 17 465 458
4 86 413 404 354
2 154 435
3 189 426 417
4 212 374 355 346
2 334 436
3 352 406 344
4 358 402 382 357
2 414 381
3 492 415 380
4 11 343 340 338
2 64 408
3 72 398 368
4 73 342 335 316
2 120 327
3 141 393 366
4 156 313 312 287
2 158 349
3 170 323 318
4 182 386 331 255
2 213 317
3 266 303 272
4 301 321 314 308
2 319 296
3 337 309 291
4 410 305 290 281
2 443 275
3 462 297 262
4 484 293 260 257
2 495 253
3 0 270 250
4 38 248 243 232
2 48 239
3 52 246 229
4 108 238 228 227
2 111 224
3 113 220 215
4 155 265 223 211
2 166 216
3 210 241 222
4 221 202 179 176
2 234 205
3 261 209 194
4 264 206 184 173
2 298 191
3 310 183 178
4 329 171 169 168
2 350 167
3 371 161 150
4 376 145 143 142
2 434 157
3 448 140 137
4 451 134 133 135
2 452 146
3 463 494 490
4 475 468 460 432
2 486 461
3 5 453 450
4 15 446 411 395
2 19 425
3 20 390 378
4 34 401 379 372
2 60 377
3 61 365 347
4 147 373 361 359
2 175 363
3 181 341 339
4 187 332 325 307
2 193 304
3 199 295 285
4 208 289 280 269
2 219 284
3 231 282 267
4 236 274 254 251
2 240 259
3 249 247 244
4 258 245 237 233
2 271 226
3 273 217 207
4 277 204 200 198
2 288 195
3 292 186 174
4 311 185 164 160
2 320 172
3 324 153 151
4 356 152 148 129
2 360 144
3 367 136 132
4 385 124 119 116
2 387 138
3 396 128 115
4 405 114 112 104
2 409 109
3 419 107 106
4 430 101 95 81
2 433 92
3 439 100 80
4 445 79 78 70
2 455 76
3 473 69 66
4 498 54 50 46
2 499 59
3 3 56 44
4 6 45 41 40
2 8 36
3 10 32 29
4 13 27 25 22
2 18 26
3 23 16 497
4 24 474 472 449
2 31 467
3 55 459 447
4 65 444 429 424
2 71 442
3 89 438 437
4 90 431 427 412
2 91 422
3 99 407 403
4 105 400 399 397
2 117 392
3 121 394 391
4 123 388 384 362
2 139 375
3 149 364 353
4 159 351 348 336
2 162 345
3 163 328 302
4 177 294 283 278
2 180 276
3 188 268 263
4 192 242 235 225
2 201 230
3 203 218 214
