1628
2 5357 9918
3 5121 9824 9780
4 8148 9738 9581 9517
2 6404 9494
3 421 9467 9441
4 2589 9420 9093 9061
2 5913 8971
3 5583 8916 8795
4 6255 8691 8680 8619
2 9906 8575
3 8785 8538 8492
4 3629 8490 8457 8404
2 6584 8350
3 7710 8362 8225
4 1737 8218 8169 8005
2 3987 8069
3 7529 7810 7774
4 5231 7908 7708 7641
2 2094 7552
3 4386 7469 7446
4 5796 7291 7189 7169
2 9487 7144
3 6735 6987 6906
4 8197 7039 6874 6795
2 1756 6775
3 2584 6712 6552
4 8754 6399 6276 6271
2 998 5762
3 2395 5630 5385
4 6655 5291 5270 5139
2 2861 5112
3 6312 5004 5000
4 59 4934 4748 4722
2 7923 4543
3 7569 4603 4459
4 7704 4347 4265 4264
2 5515 3962
3 9612 3959 3850
4 6632 3720 3551 3460
2 7444 3800
3 8873 3378 3288
4 7262 3285 3277 3206
2 8452 3130
3 2489 2975 2971
4 7796 2989 2684 2609
2 5905 2593
3 398 2404 2273
4 8407 2258 2247 2217
2 820 2063
3 1729 2048 2014
4 604 1790 1736 1577
2 6459 1842
3 9004 1566 1432
4 1248 1387 1367 1363
2 7549 1300
3 7064 1262 1244
4 4848 817 783 770
2 5886 722
3 8603 701 494
4 8733 420 350 92
2 8189 9953
3 8437 9850 9725
4 9354 9567 9481 9460
2 9529 9454
3 6839 9428 9417
4 9213 9300 9067 8993
2 1524 8989
3 4449 8910 8800
4 4318 8787 8403 8249
2 4574 8207
3 5744 8120 8102
4 9483 8092 8074 8046
2 4100 7790
3 6823 7680 7312
4 3904 7226 7114 7082
2 4233 7054
3 3626 6936 6898
4 7108 6867 6736 6594
2 8479 6469
3 5416 6433 6408
4 9620 6383 6327 6267
2 1287 6221
3 2545 6138 6116
4 6476 6084 5933 5759
2 9383 5626
3 4004 5475 5414
4 3697 5381 5312 5258
2 1396 5243
3 9131 5165 5119
4 5427 5116 5016 4921
2 4041 4903
3 370 4889 4853
4 973 4687 4497 4462
2 2061 4432
3 847 4276 4275
4 3015 4207 4072 4017
2 2155 3858
3 4644 3836 3652
4 4863 3436 3390 3336
2 9247 3294
3 7792 3282 3252
4 6668 3230 3185 2986
2 3135 2943
3 4631 2719 2677
4 2222 2655 2618 2465
2 1492 2341
3 9618 2290 2287
4 2752 2223 2151 1910
2 5363 1879
3 7168 1771 1739
4 2687 1651 1573 1370
2 2843 1309
3 5570 1280 1257
4 44 1072 1011 944
2 453 929
3 2117 882 857
4 8284 663 551 375
2 1561 246
3 7100 205 102
4 461 35 9998 9923
2 3505 9607
3 8775 9388 9381
4 9765 9353 9308 9287
2 1423 9169
3 3295 9125 9116
4 4036 8914 8840 8825
2 2932 8520
3 8287 8514 8280
4 1385 8192 8191 8096
2 6640 8050
3 8004 7941 7650
4 8854 7589 7452 7448
2 3273 7338
3 5616 7133 7034
4 8591 7021 6980 6722
2 3715 6696
3 2345 6475 6431
4 2096 6418 6325 6159
2 5918 6139
3 6639 5629 5620
4 9813 5590 5587 5477
2 674 5319
3 3420 5186 5062
4 1556 4601 4493 4241
2 5090 3955
3 7936 3831 3778
4 666 3766 3576 3550
2 2331 3545
3 2935 3461 3441
4 4695 3406 3380 2991
2 5251 2904
3 2598 2853 2764
4 3825 2643 2641 2588
2 6762 2413
3 1677 2369 2317
4 9959 2111 2005 1719
2 1081 1603
3 1114 1500 1420
4 4147 1398 1380 1360
2 6756 1342
3 5001 1251 1014
4 5592 932 914 655
2 8384 588
3 8689 539 320
4 8119 155 73 15
2 1388 9939
3 6196 9898 9740
4 7525 9704 9290 9228
2 9818 9127
3 864 8959 8765
4 5989 8666 8512 8121
2 683 8054
3 948 8029 7933
4 4106 7811 7705 7597
2 6613 7450
3 3942 7348 7323
4 5526 7182 7113 7035
2 9888 6991
3 8911 6878 6710
4 8320 6503 6360 6236
2 4194 6103
3 4473 6043 5999
4 5083 5857 5634 5618
2 5211 5552
3 9128 5440 5228
4 3149 5221 5202 4998
2 5052 4968
3 7369 4743 4593
4 8585 4589 4576 4541
2 936 4536
3 2459 4114 4084
4 2819 4008 3931 3742
2 7515 3682
3 8777 3603 3571
4 132 3535 3533 3387
2 2968 3384
3 4670 3377 3197
4 7819 3081 2945 2638
2 2246 2581
3 3484 2519 2507
4 7577 2455 2017 1828
2 962 1795
3 876 1792 1641
4 7863 1493 1468 1463
2 8240 1247
3 8814 1245 1112
4 2723 743 563 440
2 7939 429
3 7368 99 9992
4 752 9967 9947 9817
2 8837 9796
3 9256 9782 9708
4 3457 9537 9477 9445
2 8991 9395
3 110 9334 9317
4 8392 9132 9113 8974
2 3176 8678
3 7208 8649 8587
4 7290 8574 8481 8445
2 7950 8416
3 371 8300 8271
4 2196 8226 8217 7738
2 2728 7575
3 7101 7396 7379
4 684 7203 7029 6855
2 8636 6658
3 281 6461 6369
4 2212 6303 6295 6251
2 4808 6217
3 8641 6190 6182
4 9267 6086 6048 5971
2 5791 5937
3 63 5878 5818
4 2499 5684 5597 5403
2 6240 5394
3 5602 5069 4812
4 9614 4759 4749 4686
2 714 4680
3 2475 4580 4418
4 3656 4310 4145 4130
2 4090 4111
3 7259 3876 3755
4 1101 3751 3732 3572
2 2064 3525
3 9019 3435 3198
4 4916 2871 2832 2778
2 5651 2721
3 9894 2640 2286
4 1013 2132 1950 1940
2 3678 1938
3 7834 1893 1776
4 839 1757 1752 1748
2 1491 1662
3 2548 1457 1343
4 3024 1274 1236 1123
2 3765 1108
3 5048 1104 1025
4 7945 927 713 680
2 6170 569
3 7198 528 524
4 4405 470 368 266
2 4961 135
3 1004 116 52
4 1071 9980 9979 9949
2 1115 9916
3 5945 9878 9808
4 9965 9666 9640 9480
2 4685 9455
3 7937 9412 9351
4 1233 9147 9112 9040
2 2124 9012
3 3302 8953 8764
4 4579 8428 8255 8188
2 3272 8157
3 3795 8041 8024
4 8152 7503 7477 7455
2 9986 7378
3 5042 7376 7358
4 384 7160 7107 6916
2 2141 6909
3 3647 6597 6523
4 6677 6200 6066 5826
2 7104 5560
3 9295 5555 5486
4 1734 5447 5092 4999
2 2008 4864
3 2070 4760 4755
4 7927 4349 4180 4159
2 4702 4086
3 5101 4039 3970
4 6782 3908 3868 3829
2 7135 3815
3 854 3642 3459
4 5773 3393 3287 3245
2 6495 3215
3 1707 3152 3116
4 2115 3100 3094 2845
2 4430 2767
3 8058 2760 1901
4 336 1772 1676 1617
2 1164 1448
3 1214 1408 1310
4 2080 1241 1185 1033
2 4957 989
3 5046 724 223
4 7201 167 9940 9783
2 7540 9509
3 443 9396 9053
4 2558 8905 8892 8887
2 2922 8782
3 4788 8693 8483
4 4917 8467 8279 8048
2 5214 7456
3 7409 7328 7317
4 8639 7244 7053 6970
2 1341 6872
3 7896 6820 6241
4 8063 6004 5984 5893
2 3499 5650
3 5653 5405 5050
4 7825 5033 4941 4897
2 49 4872
3 976 4606 4396
4 6702 4350 4342 4253
2 7202 4199
3 7961 4181 4152
4 1146 4081 4051 4024
2 1830 4015
3 4886 3960 3957
4 4964 3826 3699 3490
2 6381 3430
3 9307 3319 3148
4 3463 3056 3032 2753
2 4509 2735
3 6176 2637 2366
4 7313 2145 1844 1769
2 9568 1455
3 818 1434 1428
4 82 1379 1169 1017
2 4983 779
3 3792 625 506
4 5295 495 344 259
2 6107 9997
3 8612 9809 9758
4 3047 9731 9541 9510
2 5772 9452
3 7595 9442 9422
4 7757 9310 9279 9191
2 3607 9109
3 3940 8949 8843
4 4135 8706 8622 8515
2 4874 8301
3 5982 8243 7837
4 2727 7816 7784 7754
2 3096 7722
3 2228 7304 6802
4 2274 6793 6758 6588
2 5713 6422
3 8338 6386 6194
4 9305 6067 6061 5976
2 2964 5735
3 3896 5673 5654
4 6252 5571 5565 5390
2 636 5374
3 1353 5354 5230
4 3228 5109 4905 4799
2 3566 4654
3 1210 4590 4471
4 3309 4454 4364 4304
2 4322 4166
3 7136 4125 3979
4 8485 3921 3711 3701
2 8608 3627
3 887 3589 3556
4 5310 3404 3388 3151
2 7305 3093
3 1851 2923 2869
4 3293 2865 2844 2780
2 4240 2679
3 6168 2644 2491
4 7543 2445 2302 2069
2 71 1855
3 4406 1785 1730
4 4925 1458 1456 1325
2 6550 1314
3 7516 1144 1089
4 8322 1019 981 971
2 9433 125
3 1988 36 9925
4 1203 9897 9831 9827
2 6935 9518
3 8745 9472 9402
4 9129 9288 9064 9058
2 7551 9049
3 9866 8973 8943
4 1671 8769 8705 8627
2 4940 8427
3 1955 8385 8315
4 5625 8184 7765 7762
2 7145 7701
3 9795 7630 7609
4 7 7538 7411 7242
2 1812 7084
3 4185 7070 7027
4 9527 6877 6732 6667
2 8116 6608
3 3437 6322 6207
4 4141 6204 6092 6091
2 5383 6071
3 47 6013 5930
4 4131 5871 5704 5695
2 5219 5348
3 7579 5344 5143
4 594 4927 4869 4745
2 1322 4673
3 1450 4597 4499
4 2456 4348 4338 4303
2 3114 4201
3 7326 4068 3779
4 8465 3713 3709 3462
2 8851 3359
3 9552 3236 3200
4 4167 3190 3160 2984
2 2259 2973
3 4235 2965 2938
4 4637 2851 2815 2714
2 7359 2670
3 9 2667 2458
4 3042 2276 2130 2090
2 3142 2078
3 766 2040 2037
4 1094 1926 1913 1721
2 1713 1365
3 7231 1255 1067
4 1742 1048 994 897
2 4655 841
3 5006 747 718
4 5652 702 518 339
2 1934 276
3 3686 9753 9707
4 7583 9476 9170 8937
2 9539 8723
3 9690 8664 8544
4 532 8402 8285 8033
2 2686 8025
3 5873 7976 7930
4 2962 7763 7720 7619
2 4074 7325
3 4561 7193 7073
4 5494 6954 6768 6729
2 7715 6515
3 9525 6164 5858
4 3844 5855 5846 5843
2 4657 5780
3 8803 5738 5737
4 9263 5679 5605 5434
2 727 5288
3 2481 5103 4862
4 3072 4586 4460 4420
2 8553 4395
3 723 4250 4003
4 1050 3999 3974 3946
2 1895 3872
3 4847 3723 3659
4 7083 3520 3456 3162
2 4112 3103
3 4475 3071 3036
4 6129 2914 2822 2791
2 6957 2777
3 2759 2675 2654
4 3357 2613 2524 2446
2 4102 2338
3 7447 2197 2187
4 8250 2158 2053 2032
2 8387 2031
3 9235 2015 2004
4 9532 1896 1674 1520
2 9917 1425
3 62 1394 1239
4 2982 1215 1126 1028
2 4374 843
3 7088 721 707
4 2293 665 497 479
2 2736 454
3 7196 426 397
4 8736 387 330 109
2 1946 9653
3 3519 9598 9531
4 8332 9461 9389 8921
2 954 8790
3 3196 8580 8484
4 213 8378 8352 8295
2 7032 8234
3 7308 8125 7867
4 7648 7687 7582 7572
2 8375 7562
3 859 7505 7428
4 4320 7285 6908 6895
2 8010 6879
3 9196 6863 6555
4 9946 6041 5805 5761
2 1591 5572
3 2045 5507 5500
4 5163 5372 5334 5307
2 6547 5248
3 9063 5204 5114
4 1418 5071 4849 4831
2 1724 4744
3 2726 4730 4624
4 4076 4378 4302 4067
2 5777 3770
3 6882 3740 3733
4 2060 3342 3264 3232
2 2342 3180
3 3337 3143 3067
4 4619 2992 2894 2893
2 5904 2868
3 6611 2855 2606
4 7725 2542 2387 2350
2 8193 2099
3 8767 1900 1680
4 850 1637 1486 1312
2 1568 1232
3 2652 1069 913
4 3689 861 543 535
2 6178 488
3 9106 286 9924
4 992 9790 9756 9688
2 2340 9683
3 4402 9497 9335
4 5172 9306 9202 9056
2 9119 8976
3 2544 8884 8802
4 3155 8674 8630 8621
2 8644 8589
3 1433 8489 8482
4 4490 8216 8088 7974
2 4638 7874
3 4912 7806 7437
4 4995 7435 7282 7199
2 9966 7161
3 1621 7044 6978
4 2642 6786 6449 6397
2 3170 6238
3 3672 6211 6165
4 6558 6032 6001 5567
2 9747 5502
3 586 5408 5318
4 2085 5301 4909 4908
2 2749 4815
3 3648 4585 4401
4 3775 4383 4029 4021
2 120 3986
3 201 3725 3604
4 3757 3433 3182 3139
2 5729 3010
3 8626 2497 2478
4 9344 2440 2322 2321
2 9576 2135
3 3542 2027 1921
4 3781 1906 1816 1630
2 5686 1242
3 6038 1121 969
4 6534 694 679 661
2 6913 548
3 7451 442 317
4 7494 9697 9630 9466
2 7851 9077
3 8601 8926 8917
4 2828 8869 8847 8710
2 3257 8444
3 4139 8414 8394
4 7643 8339 8324 8262
2 6571 8071
3 8478 7940 7769
4 774 7714 7601 7497
2 4550 7449
3 5931 7366 7280
4 6567 6896 6813 6717
2 7148 6626
3 8138 6502 6465
4 8397 6362 5987 5667
2 2628 5645
3 3889 5506 5468
4 5156 5445 5320 5089
2 7464 5031
3 7545 4970 4836
4 7814 4805 4652 4587
2 403 4485
3 1763 4476 4472
4 2323 4366 4295 4168
2 3593 4162
3 8186 3998 3920
4 9542 3726 3421 3351
2 328 3304
3 676 3231 3065
4 2862 2880 2816 2768
2 2870 2755
3 4150 2625 2547
4 4244 2534 2482 2414
2 6134 2394
3 9302 2374 2263
4 2795 2119 2034 1991
2 3112 1797
3 3376 1643 1560
4 3475 1446 1417 1125
2 4058 1098
3 6537 1051 933
4 7862 852 758 647
2 18 560
3 2300 166 104
4 2308 90 79 9801
2 8997 9760
3 9151 9657 9103
4 9275 9071 9034 8885
2 9713 8386
3 58 8369 8358
4 4959 8178 8126 7947
2 6467 7860
3 6927 7846 7685
4 7079 7563 7537 7519
2 8187 7468
3 8865 7234 7191
4 9559 6997 6883 6292
2 1383 6287
3 2036 6214 5975
4 2213 5955 5932 5623
2 2814 5459
3 4390 5326 5226
4 5081 4974 4776 4751
2 4044 4719
3 5366 4626 4385
4 7316 4261 4118 4073
2 8233 4049
3 8242 3989 3967
4 8267 3900 3886 3767
2 9900 3706
3 3451 3661 3631
4 3708 3609 3601 3548
2 3840 3183
3 3869 3166 3098
4 8115 2995 2926 2742
2 4480 2738
3 8259 2710 2496
4 1711 2403 2315 2284
2 5609 2261
3 6147 2093 1916
4 6171 1914 1875 1863
2 7166 1760
3 7445 1710 1472
4 7703 1397 980 951
2 8506 946
3 9528 879 830
4 446 599 547 474
2 778 84
3 2123 9938 9937
4 3842 9915 9739 9676
2 5845 9373
3 7673 9277 9268
4 8616 9167 9001 8920
2 8849 8909
3 1160 8841 8799
4 2305 8704 8656 8531
2 8079 8488
3 9243 8460 8448
4 9320 8317 8182 8057
2 9873 8051
3 11 7912 7747
4 1049 7707 7598 7354
2 1839 7188
3 1936 6995 6951
4 2160 6926 6861 6568
2 2267 6486
3 3526 6464 6437
4 3583 6424 6346 6335
2 5540 6317
3 8094 6299 5827
4 245 5784 5775 5716
2 654 5711
3 1136 5687 5564
4 2243 5433 4947 4784
2 2313 4779
3 3126 4481 4336
4 4837 4324 4268 4225
2 5096 4210
3 8101 3982 3650
4 8430 3592 3468 3429
2 333 3163
3 1552 3140 3113
4 2023 3040 2616 2576
2 6050 2438
3 6123 2256 2189
4 6359 2114 2113 2041
2 8167 1997
3 9605 1894 1657
4 1509 1272 1246 1204
2 3913 790
3 5359 751 710
4 7267 692 584 580
2 7944 501
3 9514 490 445
4 2985 351 231 113
2 3950 100
3 4284 29 9919
4 5136 9845 9757 9654
2 5324 9515
3 7726 9378 9315
4 8509 9110 8480 8476
2 9921 8341
3 687 8149 8072
4 2944 7952 7926 7904
2 4551 7767
3 5854 7612 7560
4 7385 7506 7482 7472
2 7953 7331
3 8036 7297 7205
4 8286 7181 7141 7056
2 9374 7012
3 373 7004 6893
4 2282 6657 6601 6394
2 2920 6385
3 4902 6333 6047
4 6300 5988 5707 5656
2 6580 5490
3 6777 5425 5154
4 7008 4824 4785 4772
2 706 4362
3 1767 4278 4204
4 2535 4190 4071 4061
2 3106 3814
3 3745 3805 2682
4 4498 2639 2559 2539
2 5209 2501
3 6842 2493 2487
4 7522 2441 2434 1784
2 8367 1779
3 9784 1697 1659
4 1231 1600 1419 1175
2 1845 1034
3 3618 905 787
4 3632 664 460 243
2 3899 212
3 6481 46 9956
4 7466 9705 9358 9163
2 9289 9133
3 65 9033 8718
4 1427 8690 8357 8349
2 2674 8288
3 2817 8281 8208
4 3253 8175 8066 8060
2 7922 8042
3 9340 8018 7691
4 2203 7520 7355 7294
2 5665 7277
3 6060 7269 7126
4 8348 7006 6889 6847
2 9856 6587
3 177 6532 6349
4 2718 6218 6140 5927
2 4690 5821
3 5600 5743 5708
4 6985 5659 5541 5525
2 6989 5484
3 7026 5392 5283
4 8701 5087 5065 4984
2 9283 4803
3 9722 4765 4448
4 463 4391 4282 4101
2 7700 4083
3 9732 3013 3005
4 9942 2867 2833 2830
2 593 2761
3 2994 2708 2494
4 3002 2430 2429 2177
2 5622 1927
3 7756 1823 1791
4 8026 1780 1746 1715
2 1359 1702
3 3083 1482 1449
4 4151 1390 1362 1193
2 4965 925
3 5919 873 853
4 7920 813 731 705
2 8346 416
3 8563 354 334
4 9111 9983 9874 9857
2 780 9743
3 1096 9674 9492
4 1996 9242 9231 8983
2 2572 8980
3 2941 8935 8871
4 4516 8830 8798 8743
2 6582 8687
3 6638 8577 8343
4 7050 8296 8290 7935
2 8047 7836
3 8697 7746 7214
4 8721 7195 7173 7158
2 9691 6941
3 1357 6911 6884
4 1817 6816 6779 6598
2 3229 6589
3 6313 6575 6489
4 7212 6439 6376 6298
2 8834 6172
3 9649 6115 5669
4 2619 5647 5524 5520
2 6329 5438
3 8253 5402 5144
4 9252 4878 4800 4778
2 745 4647
3 1085 4615 4431
4 2364 4382 4129 3764
2 9778 3653
3 522 3514 3465
4 1336 3397 3317 3238
2 1372 3034
3 2571 2960 2958
4 3485 2896 2787 2737
2 4137 2648
3 4951 2615 2182
4 5962 2073 1798 1759
2 7209 1660
3 9366 1356 1293
4 103 1281 1007 941
2 717 755
3 2009 732 685
4 2802 592 366 345
2 3356 9841
3 4582 9791 9766
4 6316 9587 9574 9408
2 6363 9404
3 8839 9216 9203
4 9443 9141 9095 8999
2 9779 8858
3 251 8518 8327
4 565 8261 8260 7955
2 709 7869
3 1861 7838 7817
4 2112 7776 7470 7324
2 4351 7028
3 4352 6943 6785
4 6477 6716 6624 5990
2 6602 5911
3 8477 5532 5435
4 9751 5411 5337 5232
2 67 5102
3 2647 4569 4528
4 3368 4397 4319 4223
2 6426 4213
3 2351 4212 4183
4 5891 4023 3776 3597
2 5909 3594
3 8811 3569 3537
4 2905 3507 3305 3168
2 3443 3128
3 6994 3014 2849
4 7119 2788 2626 2396
2 8199 2339
3 9123 2250 2209
4 9154 2156 2071 1945
2 9365 1675
3 6 1629 1156
4 257 1041 991 624
2 645 408
3 1340 399 386
4 3089 340 285 126
2 4259 50
3 5793 9909 9672
4 7629 9665 9405 9185
2 9124 8922
3 171 8904 8846
4 214 8623 8335 8145
2 1976 7998
3 2536 7879 7723
4 5492 7702 7676 7485
2 7671 7351
3 7981 7336 7284
4 8614 7146 7137 6728
2 8751 6695
3 332 6672 6117
4 1202 6113 5880 5841
2 1510 5830
3 1787 5452 5335
4 2095 5314 5305 5269
2 3379 5076
3 4884 5039 5011
4 6415 4991 4881 4838
2 7330 4707
3 9325 4560 4368
4 9585 4346 4332 4296
2 1344 4189
3 1701 4182 4087
4 2162 4045 4033 3981
2 3496 3881
3 4134 3710 3613
4 4293 3524 3470 3000
2 4357 2940
3 4477 2901 2784
4 7489 2623 2362 2214
2 7911 2183
3 8947 2118 1786
4 9546 1722 1682 1666
2 9629 1392
3 9806 1368 1240
4 60 1173 1150 1053
2 3062 1030
3 3214 952 945
4 3308 891 878 807
2 5239 353
3 5593 282 247
4 188 80 9777 9615
2 1001 9579
3 1820 9516 9439
4 2957 9304 9292 9177
2 4557 9088
3 4867 9079 9052
4 5544 8939 8925 8901
2 6666 8896
3 8163 8856 8818
4 8200 8809 8724 8700
2 8501 8634
3 8923 8583 8140
4 9363 8106 8055 8030
2 9968 7968
3 750 7910 7750
4 877 7718 7644 7604
2 1717 7422
3 5149 7303 6974
4 5330 6826 6791 6691
2 6914 6688
3 8529 6665 6538
4 8835 6355 5806 5797
2 9511 5662
3 9930 5638 5497
4 9974 5455 5300 5249
2 1740 5194
3 1975 5152 5130
4 4222 4817 4753 4682
2 5236 4629
3 5244 4542 4455
4 5518 4289 4178 4096
2 5733 4085
3 6956 3910 3855
4 7934 3702 3676 3606
2 8003 3599
3 8779 3538 3291
4 1505 3184 3175 3069
2 4711 2981
3 5332 2624 2421
4 5991 2416 2346 2139
2 6297 2092
3 6342 1498 1441
4 7057 1431 1375 1229
2 7391 963
3 321 869 855
4 1351 851 712 557
2 1564 233
3 1800 42 9928
4 2776 9639 9520 9262
2 4727 9184
3 4977 9118 8982
4 7613 8888 8699 8588
2 8651 8510
3 8658 8307 8294
4 9545 8266 8111 8105
2 296 8091
3 924 7728 7698
4 1364 7615 7495 7402
2 1883 6977
3 2575 6892 6789
4 3730 6759 6689 6413
2 7677 6089
3 9166 6030 5923
4 3750 5922 5712 5478
2 4331 5093
3 4696 4900 4809
4 6188 4729 4643 4510
2 7415 4404
3 7439 4380 4203
4 8040 4146 3964 3952
2 8431 3737
3 1249 3687 3605
4 1965 3512 3452 3418
2 2245 3345
3 3120 3250 2979
4 4572 2820 2528 2450
2 5529 2449
3 5758 2360 2312
4 5970 2292 2195 1962
2 7153 1919
3 7344 1565 1545
4 9962 1291 1264 1092
2 791 1026
3 1522 1024 742
4 1747 699 585 176
2 7210 75
3 7647 48 9936
4 8915 9911 9875 9840
2 8990 9503
3 9419 9449 9440
4 9426 9401 9293 9080
2 2509 8852
3 3579 8741 8611
4 4161 8590 8433 8421
2 4415 8330
3 4717 8308 8306
4 5028 8112 7997 7865
2 5131 7798
3 5808 7779 7621
4 7699 7440 7128 7023
2 8168 6992
3 8449 6955 6928
4 9550 6798 6653 6642
2 1743 6609
3 3473 6530 6372
4 5488 5795 5637 5562
2 5683 5431
3 5835 5393 5285
4 6738 5284 5115 5022
2 7972 4945
3 8056 4552 4539
4 8579 4526 4343 4316
2 96 4281
3 767 4171 4140
4 1061 4075 3976 3923
2 1714 3851
3 2043 3372 3365
4 2265 3061 2917 2599
2 2573 2233
3 3655 1782 1692
4 5074 1670 1604 1528
2 5728 1389
3 6042 1384 1128
4 6616 918 890 874
2 7824 744
3 8418 667 564
4 9271 484 324 310
2 9341 232
3 9397 98 9847
4 55 9668 9652 9619
2 301 9562
3 902 9558 9504
4 1673 9482 9435 9430
2 3087 8948
3 6273 8946 8668
4 6419 8496 8471 8146
2 6627 8076
3 7250 7775 7566
4 8866 7271 7256 7232
2 9569 7225
3 264 7213 6603
4 631 6573 6455 6318
2 1200 6173
3 1523 6080 6070
4 2952 6037 6011 5953
2 3830 5787
3 3845 5519 5450
4 5720 5352 5195 5184
2 6144 5110
3 8470 5084 4915
4 8548 4866 4677 4566
2 8607 4563
3 197 4186 4105
4 385 4007 3996 3954
2 773 3937
3 797 3919 3786
4 1178 3630 3575 3574
2 1636 3510
3 1889 3483 3207
4 3223 2701 2477 2454
2 3834 2354
3 4870 1834 1304
4 6742 1269 1268 985
2 7524 824
3 8625 754 748
4 9566 657 617 389
2 9626 377
3 9853 129 122
4 1508 5 9805 9522
2 2089 9416
3 2809 9391 8755
4 3167 8565 8459 8364
2 3306 8360
3 5155 8162 8082
4 5553 8070 7996 7755
2 6226 7301
3 6309 7157 7076
4 6410 6946 6910 6891
2 8487 6572
3 8702 6564 6525
4 9572 6235 6020 5942
2 9797 5934
3 407 5703 5561
4 2055 5264 5261 5126
2 3137 5078
3 3978 5034 4683
4 4367 4665 4612 4242
2 4960 3938
3 6336 3874 3738
4 6377 3688 3410 3369
2 8132 3303
3 8659 3241 3063
4 9048 2813 2650 2448
2 1476 2408
3 1810 2392 2236
4 3905 2079 1773 1644
2 4600 1607
3 5375 1548 1543
4 5864 1481 1354 1334
2 6192 1003
3 7155 816 749
4 7436 552 265 134
2 7567 14
3 7748 9889 9565
4 8183 9508 9463 9285
2 9250 9142
3 730 9025 8958
4 1948 8912 8783 8558
2 2612 8408
3 3557 8245 8014
4 3673 7885 7508 7420
2 4649 7009
3 5610 6865 6760
4 278 6482 6347 6268
2 1228 6122
3 1998 5646 5575
4 2486 5421 5292 5290
2 3271 5223
3 3791 5145 5124
4 3870 5037 5025 5002
2 4079 4463
3 4524 4326 4299
4 6384 4192 4117 4056
2 8671 3861
3 9718 3833 3832
4 875 3771 3758 3739
2 4043 2913
3 4200 2856 2800
4 4861 2774 2574 2319
2 6058 2266
3 6769 2257 2219
4 9689 2188 2180 2133
2 9952 2077
3 283 2056 1960
4 2353 1738 1709 1689
2 3001 1596
3 5308 1537 1451
4 6028 1414 1222 975
2 6198 369
3 6747 367 364
4 8707 261 9994 9913
2 8940 9899
3 9265 9834 9642
4 9746 9273 9069 8902
2 9843 8738
3 3 8720 8504
4 1429 8390 8337 8313
2 1912 8205
3 3857 8194 7905
4 3944 7780 7473 7390
2 5476 7353
3 7253 7147 7115
4 9871 6966 6900 6819
2 85 6780
3 1483 6646 6505
4 2912 6462 6181 6145
2 5170 6124
3 6010 6027 5992
4 6662 5868 5861 5810
2 7302 5801
3 8172 5764 5664
4 9078 5648 5501 5315
2 432 5216
3 1140 4955 4854
4 2000 4835 4825 4484
2 3367 4437
3 3997 4424 4321
4 7412 4315 4169 3934
2 7443 3864
3 8204 3703 3646
4 8297 3489 3432 3269
2 8677 3237
3 9507 3122 3101
4 263 3003 2998 2915
2 836 2840
3 884 2826 2779
4 915 2748 2383 2355
2 1040 2150
3 1587 2146 2058
4 1853 1925 1907 1903
2 3278 1887
3 4179 1572 1352
4 4527 1349 1038 996
2 4532 907
3 4706 438 357
4 6578 327 127 43
2 7118 26
3 7880 19 9893
4 8453 9702 9687 9512
2 9755 9432
3 1720 9343 9195
4 2927 9144 8582 8370
2 3028 8151
3 4469 8020 8013
4 4607 7487 7414 7403
2 5203 7240
3 5207 7051 7016
4 6012 6949 6934 6931
2 6146 6886
3 6483 6838 6781
4 6981 6663 6561 6546
2 7095 6442
3 7103 6310 6250
4 8442 5935 5739 5546
2 8683 5465
3 513 5396 5349
4 995 5159 5142 5075
2 3022 4931
3 3728 4827 4446
4 3885 4329 4294 3649
2 5803 3614
3 5849 3568 3448
4 6110 3398 3298 3289
2 6320 3224
3 7696 2918 2846
4 7978 2699 2646 2460
2 8670 2361
3 9695 2283 2255
4 464 1990 1815 1687
2 634 1672
3 1224 1503 1373
4 1378 1301 892 792
2 1821 772
3 2585 716 476
4 3508 447 436 400
2 6757 105
3 7319 95 9762
4 7617 9750 9671 9627
2 7618 9385
3 8964 9115 8450
4 1037 8270 7999 7709
2 1253 7605
3 2877 7478 7373
4 3518 7124 7080 6929
2 4474 6907
3 4565 6869 6790
4 4617 6764 6566 6521
2 4883 6440
3 6370 6348 6338
4 7296 6324 6219 6131
2 7603 6059
3 8722 6056 6029
4 8929 5996 5867 5847
2 1073 5753
3 1681 5746 5723
4 1708 5715 5608 5582
2 3037 5415
3 3561 4924 4345
4 3736 4219 4154 4010
2 3877 3735
3 4307 3562 3554
4 5174 3403 3284 3249
2 5197 3221
3 6444 3192 3181
4 6498 3045 3043 3007
2 7861 2969
3 8750 2818 2729
4 8932 2617 2419 2409
2 9908 2103
3 1117 1966 1957
4 1526 1605 1602 1592
2 1542 1442
3 1684 1327 1213
4 1923 1143 1124 1052
2 2939 595
3 3248 331 21
4 3362 9989 9982 9835
2 3375 9826
3 4786 9727 9596
4 4871 9593 9501 9364
2 5785 9349
3 7759 8781 8566
4 8692 8550 8371 8354
2 8895 8130
3 9359 8127 8124
4 9464 8095 7576 7548
2 137 7143
3 559 6894 6501
4 1116 6247 6191 6083
2 1152 6045
3 1154 5997 5802
4 1484 5706 5420 5306
2 2627 4901
3 2937 4820 4608
4 4038 4570 4548 4411
2 4439 4270
3 5902 4256 4138
4 7536 3958 3943 3865
2 8524 3532
3 9599 3320 3234
4 520 2810 2763 2471
2 1571 2443
3 2488 2391 2194
4 3892 2109 1974 1933
2 4361 1905
3 7870 1871 1698
4 8328 1623 1163 838
2 3511 810
3 4292 808 775
4 4521 619 561 504
2 5278 455
3 5462 363 295
4 6296 250 141 66
2 6367 1
3 8874 9803 9729
4 8956 9643 9621 9485
2 9880 9437
3 2592 9403 9392
4 2798 9253 9199 9104
2 3853 8995
3 4975 8829 8792
4 5823 8708 8688 8669
2 7678 8399
3 7823 8283 8107
4 8466 8007 7918 7635
2 8637 7517
3 9197 7462 7207
4 916 6975 6801 6755
2 1261 6687
3 1833 6641 6599
4 3055 6548 6487 6423
2 3107 6262
3 3544 6100 6099
4 5341 6062 5866 5799
2 5547 5781
3 5839 5768 5765
4 6231 5660 5655 5412
2 6656 5358
3 7041 4888 4429
4 7178 4277 3948 3835
2 9769 3820
3 9849 3774 3683
4 17 3660 3640 3622
2 56 3565
3 172 3315 3260
4 174 3171 2972 2864
2 970 2796
3 1361 2792 2724
4 1712 2631 2605 2530
2 2566 2479
3 2600 2397 2244
4 4668 2208 2003 1981
2 4946 1968
3 5705 1655 1531
4 5941 1078 765 762
2 6220 681
3 6577 578 496
4 6605 469 434 382
2 6965 9945
3 7463 9781 9763
4 8527 9728 9377 9174
2 9425 9130
3 9907 9054 8966
4 9961 8942 8774 8719
2 1726 8551
3 2185 8526 8269
4 5378 8181 8016 7979
2 5441 7892
3 5998 7681 7593
4 6938 7591 7587 7568
2 7255 7352
3 9984 7295 7265
4 529 7254 7049 6979
2 760 6837
3 846 6836 6625
4 2368 6610 6388 6249
2 5503 6169
3 5548 6135 6120
4 6389 5580 5302 5289
2 7130 5185
3 7215 5091 5054
4 7238 5053 4993 4816
2 10 4568
3 145 4540 4503
4 3050 4433 4119 3971
2 3769 3638
3 4604 3634 3598
4 5250 3458 3366 2857
2 6715 2838
3 7363 2794 2744
4 8516 2704 2666 2468
2 9014 2336
3 9350 2225 2178
4 297 2021 2001 1633
2 451 1328
3 688 785 715
4 738 704 614 612
2 844 601
3 1234 254 239
4 1430 187 9872 9867
2 1570 9789
3 1765 9563 9424
4 2106 9352 9219 9160
2 3516 9108
3 3746 9039 8962
4 3969 8899 8878 8657
2 4663 8586
3 4731 8351 8236
4 5151 8078 7913 7891
2 5446 7620
3 5563 7539 7288
4 6856 7164 6810 6706
2 7740 6286
3 8363 6044 5974
4 8931 5956 5946 5914
2 9092 5894
3 208 5842 5692
4 525 5242 5224 5196
2 923 5129
3 1122 4844 4756
4 1601 4674 4492 4353
2 2716 4127
3 3134 4037 4005
4 5271 3995 3918 3856
2 5649 3729
3 6583 3666 3172
4 6752 3159 3066 2976
2 8714 2970
3 9168 2630 2371
4 556 2275 2270 2084
2 912 2067
3 1197 1794 1733
4 1487 1459 1421 1386
2 1827 1294
3 2165 1103 1088
4 2766 1083 1008 979
2 5118 505
3 5325 277 119
4 5579 9926 9677 9244
2 6205 9207
3 6266 9026 8788
4 6364 8292 7967 7831
2 6526 7737
3 6540 7380 7370
4 7218 7046 6771 6488
2 7624 6368
3 7778 6106 6025
4 9597 5852 5688 5670
2 9741 5339
3 9895 5193 5138
4 139 5111 4852 4850
2 164 4735
3 926 4700 4531
4 1963 4436 4370 4306
2 2407 4121
3 3104 4070 3925
4 3540 3848 3668 3560
2 4093 3552
3 6133 3501 3374
4 7149 3283 3204 3077
2 8239 3009
3 9121 2902 2678
4 9161 2521 2262 2076
2 117 1626
3 2007 1544 1070
4 2221 1057 832 581
2 2295 9792
3 2649 9544 9513
4 3258 9493 9090 9066
2 4491 9018
3 4990 9005 8848
4 6396 8844 8547 8377
2 7518 8122
3 7558 8083 7893
4 8081 7442 7341 7287
2 8673 7263
3 8833 7038 6723
4 9182 6679 6504 6014
2 9214 5874
3 9450 5750 5432
4 1589 5369 5303 5217
2 1648 5180
3 2484 4988 4936
4 4230 4873 4782 4698
2 5007 4530
3 5013 4515 4341
4 5017 4288 4142 4115
2 5948 4110
3 8059 3975 3867
4 8161 3731 3528 3392
2 211 3354
3 2804 2930 2850
4 3674 2739 2690 2513
2 4627 2327
3 5574 2316 2249
4 5627 2174 2131 1977
2 5899 1967
3 6052 1956 1860
4 6451 1366 1263 1155
2 7499 1042
3 7839 967 966
4 8044 623 606 390
2 8650 9912
3 8824 9658 9355
4 9246 9249 9211 9180
2 9390 9153
3 9594 8672 8598
4 480 8552 8391 8329
2 628 8274
3 2309 8099 8023
4 2879 8017 7928 7909
3 3691 7866 7794
4 4126 7787 7760 7739
3 5056 7649 7645
4 5875 7599 7498 7300
3 6149 7227 7180
4 7152 6888 6807 6507
3 7346 6379 6345
4 7692 6072 5967 5748
3 8198 5367 5353
4 8293 5256 5012 4963
3 87 4620 4408
4 642 4274 4113 4035
3 1010 3953 3909
4 2127 3741 3675 3481
3 2555 3478 3408
4 2848 3033 2925 2474
3 6680 2411 2251
4 7204 2171 1826 1758
3 7983 1489 1402
4 8617 1315 1267 1189
3 9135 1005 553
4 1015 503 410 262
3 1825 244 237
4 2590 190 107 9842
3 2836 9462 9444
4 3029 9206 9138 8963
3 3276 8838 8817
4 3932 8807 8647 8522
3 6102 8436 8422
4 6623 8195 7886 7853
3 6721 7625 7122
4 7318 7062 6982 6734
3 8247 6684 6460
4 9490 6406 6057 6019
3 9719 5675 5521
4 656 5485 5454 5407
3 2125 5360 5218
4 2811 5201 5137 5036
3 3608 4919 4795
4 3828 4618 4458 4280
3 5879 4216 3714
4 6157 3358 3219 3068
3 6215 2967 2860
4 6645 2557 2523 2347
3 7151 2291 2097
4 7278 1628 1576 1539
3 7752 1490 1338
4 8305 1225 1219 1141
3 8609 1055 809
4 8653 637 475 352
3 9588 294 284
4 178 235 9975 9951
3 289 9902 9798
4 597 9681 9384 9379
3 900 9348 9331
4 1735 9257 9017 8827
3 1847 8528 8505
4 1866 8323 8237 7901
3 1876 7873 7679
4 2872 7657 7570 7389
3 3973 7235 7200
4 4555 7089 6825 6765
3 6036 6683 6660
4 6731 6105 5995 5876
3 7954 5456 5436
4 8606 5220 5179 4920
3 9414 4834 4658
4 9471 4317 4234 4123
3 9580 4042 4022
4 9776 3915 3326 2888
4 28 2829 2717 2688
4 206 2580 2473 2379
4 1620 2269 1931 1741
4 1943 1645 1506 1438
4 2516 1324 1319 1218
4 3239 1151 1109 1018
4 3480 950 920 856
4 3677 162 140 138
4 3692 9970 9955 9700
4 4650 9661 9427 9266
4 4859 9136 8813 8760
4 5487 8521 8497 8213
4 5513 7771 7535 7429
4 6193 7335 7293 7224
4 6256 7002 6996 6950
4 9286 6829 6817 6374
4 931 6277 5960 5789
4 1159 5701 5668 5661
4 1464 5499 5491 5458
4 1856 5331 5247 5127
4 2538 5079 4781 4697
4 4671 4500 4409 4266
4 5824 4257 4120 4053
4 7375 3907 3837 3768
4 8652 3612 3500 3314
4 9852 3039 2876 2568
4 590 1982 1663 1054
4 1056 993 942 736
4 1311 629 242 222
4 1393 9973 9969 9903
4 2226 9786 9616 9591
4 4170 9409 9309 9278
4 5815 8979 8936 8906
4 6350 8620 8536 8451
4 6685 8366 7438 7031
4 6703 7020 6918 6806
4 8134 6707 6670 6527
4 8578 6281 5755 5749
4 9382 5642 5636 5554
4 9499 5464 5395 5317
4 1632 5293 4967 4944
4 1819 4930 4764 4761
4 2697 4243 4128 4065
4 3527 3801 3684 3423
4 3808 3270 3046 2801
4 3891 2790 2720 2698
